This file contains any messages produced by compilers while
running configure, to aid debugging if configure makes a mistake.

It was created by ccid configure 1.5.5, which was
generated by GNU Autoconf 2.72.  Invocation command line was

  $ ./configure 'CFLAGS=-mmacosx-version-min=10.11 -arch x86_64 -arch arm64  -DRESPONSECODE_DEFINED_IN_WINTYPES_H -arch arm64 -arch x86_64' PCSC_CFLAGS=-I/Users/mac/Documents/github/osx-ccid-installer-feitian/osx-ccid-installer-feitian/CCID-1.5.5/MacOSX 'PCSC_LIBS=-framework PCSC' LIBUSB_CFLAGS=-I/Users/mac/Documents/github/osx-ccid-installer-feitian/osx-ccid-installer-feitian/tmp/include/libusb-1.0 'LIBUSB_LIBS=-L/Users/mac/Documents/github/osx-ccid-installer-feitian/osx-ccid-installer-feitian/tmp/lib -lusb-1.0 -lobjc -Wl,-framework,IOKit -Wl,-framework,CoreFoundation' LDFLAGS= --enable-usbdropdir=/usr/local/libexec/SmartCardServices/drivers --disable-dependency-tracking --enable-oslog --disable-static --disable-pcsclite --enable-composite-as-multislot

## --------- ##
## Platform. ##
## --------- ##

hostname = ben-iMac.local
uname -m = x86_64
uname -r = 20.6.0
uname -s = Darwin
uname -v = Darwin Kernel Version 20.6.0: Thu Jul  6 22:12:47 PDT 2023; root:xnu-7195.141.49.702.12~1/RELEASE_X86_64

/usr/bin/uname -p = i386
/bin/uname -X     = unknown

/bin/arch              = unknown
/usr/bin/arch -k       = unknown
/usr/convex/getsysinfo = unknown
/usr/bin/hostinfo      = Mach kernel version:
	 Darwin Kernel Version 20.6.0: Thu Jul  6 22:12:47 PDT 2023; root:xnu-7195.141.49.702.12~1/RELEASE_X86_64
Kernel configured for up to 4 processors.
4 processors are physically available.
4 processors are logically available.
Processor type: x86_64h (Intel x86-64h Haswell)
Processors active: 0 1 2 3
Primary memory available: 32.00 gigabytes
Default processor set: 748 tasks, 3592 threads, 4 processors
Load average: 4.36, Mach factor: 1.07
/bin/machine           = unknown
/usr/bin/oslevel       = unknown
/bin/universe          = unknown

PATH: /usr/local/bin/
PATH: /usr/bin/
PATH: /bin/
PATH: /usr/sbin/
PATH: /sbin/
PATH: /Applications/VMware Fusion.app/Contents/Public/
PATH: /Library/Apple/usr/bin/


## ----------- ##
## Core tests. ##
## ----------- ##

configure:2567: looking for aux files: ltmain.sh ar-lib compile config.guess config.sub missing install-sh
configure:2580:  trying ././
configure:2609:   ././ltmain.sh found
configure:2609:   ././ar-lib found
configure:2609:   ././compile found
configure:2609:   ././config.guess found
configure:2609:   ././config.sub found
configure:2609:   ././missing found
configure:2591:   ././install-sh found
configure:2741: checking for a BSD-compatible install
configure:2815: result: /usr/bin/install -c
configure:2826: checking whether build environment is sane
configure:2881: result: yes
configure:3042: checking for a race-free mkdir -p
configure:3085: result: mkdir -p
configure:3092: checking for gawk
configure:3128: result: no
configure:3092: checking for mawk
configure:3128: result: no
configure:3092: checking for nawk
configure:3128: result: no
configure:3092: checking for awk
configure:3113: found /usr/bin/awk
configure:3125: result: awk
configure:3136: checking whether make sets $(MAKE)
configure:3160: result: yes
configure:3190: checking whether make supports nested variables
configure:3209: result: yes
configure:3360: checking whether make supports nested variables
configure:3379: result: yes
configure:3401: checking build system type
configure:3417: result: x86_64-apple-darwin20.6.0
configure:3437: checking host system type
configure:3452: result: x86_64-apple-darwin20.6.0
configure:3479: checking whether to enable maintainer-specific portions of Makefiles
configure:3490: result: no
configure:3568: checking for gcc
configure:3589: found /usr/bin/gcc
configure:3601: result: gcc
configure:3960: checking for C compiler version
configure:3969: gcc --version >&5
Apple clang version 13.0.0 (clang-1300.0.29.30)
Target: x86_64-apple-darwin20.6.0
Thread model: posix
InstalledDir: /Applications/Xcode.app/Contents/Developer/Toolchains/XcodeDefault.xctoolchain/usr/bin
Configured with: --prefix=/Applications/Xcode.app/Contents/Developer/usr --with-gxx-include-dir=/Applications/Xcode.app/Contents/Developer/Platforms/MacOSX.platform/Developer/SDKs/MacOSX.sdk/usr/include/c++/4.2.1
configure:3980: $? = 0
configure:3969: gcc -v >&5
Configured with: --prefix=/Applications/Xcode.app/Contents/Developer/usr --with-gxx-include-dir=/Applications/Xcode.app/Contents/Developer/Platforms/MacOSX.platform/Developer/SDKs/MacOSX.sdk/usr/include/c++/4.2.1
Apple clang version 13.0.0 (clang-1300.0.29.30)
Target: x86_64-apple-darwin20.6.0
Thread model: posix
InstalledDir: /Applications/Xcode.app/Contents/Developer/Toolchains/XcodeDefault.xctoolchain/usr/bin
configure:3980: $? = 0
configure:3969: gcc -V >&5
clang: error: argument to '-V' is missing (expected 1 value)
clang: error: no input files
configure:3980: $? = 1
configure:3969: gcc -qversion >&5
clang: error: unknown argument '-qversion'; did you mean '--version'?
clang: error: no input files
configure:3980: $? = 1
configure:3969: gcc -version >&5
clang: error: unknown argument '-version'; did you mean '--version'?
clang: error: no input files
configure:3980: $? = 1
configure:4000: checking whether the C compiler works
configure:4022: gcc -mmacosx-version-min=10.11 -arch x86_64 -arch arm64  -DRESPONSECODE_DEFINED_IN_WINTYPES_H -arch arm64 -arch x86_64   conftest.c  >&5
configure:4026: $? = 0
configure:4077: result: yes
configure:4081: checking for C compiler default output file name
configure:4083: result: a.out
configure:4089: checking for suffix of executables
configure:4096: gcc -o conftest -mmacosx-version-min=10.11 -arch x86_64 -arch arm64  -DRESPONSECODE_DEFINED_IN_WINTYPES_H -arch arm64 -arch x86_64   conftest.c  >&5
configure:4100: $? = 0
configure:4124: result: 
configure:4148: checking whether we are cross compiling
configure:4156: gcc -o conftest -mmacosx-version-min=10.11 -arch x86_64 -arch arm64  -DRESPONSECODE_DEFINED_IN_WINTYPES_H -arch arm64 -arch x86_64   conftest.c  >&5
configure:4160: $? = 0
configure:4167: ./conftest
configure:4171: $? = 0
configure:4186: result: no
configure:4192: checking for suffix of object files
configure:4215: gcc -c -mmacosx-version-min=10.11 -arch x86_64 -arch arm64  -DRESPONSECODE_DEFINED_IN_WINTYPES_H -arch arm64 -arch x86_64  conftest.c >&5
configure:4219: $? = 0
configure:4243: result: o
configure:4247: checking whether the compiler supports GNU C
configure:4267: gcc -c -mmacosx-version-min=10.11 -arch x86_64 -arch arm64  -DRESPONSECODE_DEFINED_IN_WINTYPES_H -arch arm64 -arch x86_64  conftest.c >&5
configure:4267: $? = 0
configure:4279: result: yes
configure:4290: checking whether gcc accepts -g
configure:4311: gcc -c -g  conftest.c >&5
configure:4311: $? = 0
configure:4358: result: yes
configure:4378: checking for gcc option to enable C11 features
configure:4393: gcc  -c -mmacosx-version-min=10.11 -arch x86_64 -arch arm64  -DRESPONSECODE_DEFINED_IN_WINTYPES_H -arch arm64 -arch x86_64  conftest.c >&5
configure:4393: $? = 0
configure:4412: result: none needed
configure:4536: checking whether gcc understands -c and -o together
configure:4559: gcc -c conftest.c -o conftest2.o
configure:4562: $? = 0
configure:4559: gcc -c conftest.c -o conftest2.o
configure:4562: $? = 0
configure:4575: result: yes
configure:4595: checking whether make supports the include directive
configure:4610: make -f confmf.GNU && cat confinc.out
this is the am__doit target
configure:4613: $? = 0
configure:4632: result: yes (GNU style)
configure:4658: checking dependency style of gcc
configure:4771: result: none
configure:4792: checking how to run the C preprocessor
configure:4818: gcc -E  conftest.c
configure:4818: $? = 0
configure:4834: gcc -E  conftest.c
conftest.c:11:10: fatal error: 'ac_nonexistent.h' file not found
#include <ac_nonexistent.h>
         ^~~~~~~~~~~~~~~~~~
1 error generated.
configure:4834: $? = 1
configure: failed program was:
| /* confdefs.h */
| #define PACKAGE_NAME "ccid"
| #define PACKAGE_TARNAME "ccid"
| #define PACKAGE_VERSION "1.5.5"
| #define PACKAGE_STRING "ccid 1.5.5"
| #define PACKAGE_BUGREPORT ""
| #define PACKAGE_URL ""
| #define PACKAGE "ccid"
| #define VERSION "1.5.5"
| /* end confdefs.h.  */
| #include <ac_nonexistent.h>
configure:4863: result: gcc -E
configure:4877: gcc -E  conftest.c
configure:4877: $? = 0
configure:4893: gcc -E  conftest.c
conftest.c:11:10: fatal error: 'ac_nonexistent.h' file not found
#include <ac_nonexistent.h>
         ^~~~~~~~~~~~~~~~~~
1 error generated.
configure:4893: $? = 1
configure: failed program was:
| /* confdefs.h */
| #define PACKAGE_NAME "ccid"
| #define PACKAGE_TARNAME "ccid"
| #define PACKAGE_VERSION "1.5.5"
| #define PACKAGE_STRING "ccid 1.5.5"
| #define PACKAGE_BUGREPORT ""
| #define PACKAGE_URL ""
| #define PACKAGE "ccid"
| #define VERSION "1.5.5"
| /* end confdefs.h.  */
| #include <ac_nonexistent.h>
configure:4926: checking whether make sets $(MAKE)
configure:4950: result: yes
configure:4959: checking whether ln -s works
configure:4963: result: yes
configure:4975: checking for flex
configure:4996: found /usr/bin/flex
configure:5008: result: flex
configure:5057: checking for lex output file root
configure:5070: flex conftest.l
configure:5074: $? = 0
configure:5083: result: lex.yy
configure:5098: checking for lex library
configure:5123: gcc -o conftest -mmacosx-version-min=10.11 -arch x86_64 -arch arm64  -DRESPONSECODE_DEFINED_IN_WINTYPES_H -arch arm64 -arch x86_64   conftest.c  >&5
configure:5123: $? = 0
configure:5137: result: none needed
configure:5159: checking whether yytext is a pointer
configure:5175: gcc -c -mmacosx-version-min=10.11 -arch x86_64 -arch arm64  -DRESPONSECODE_DEFINED_IN_WINTYPES_H -arch arm64 -arch x86_64  conftest.c >&5
configure:5175: $? = 0
configure:5183: result: yes
configure:5260: checking for ar
configure:5281: found /usr/bin/ar
configure:5293: result: ar
configure:5319: checking the archiver (ar) interface
configure:5336: gcc -c -mmacosx-version-min=10.11 -arch x86_64 -arch arm64  -DRESPONSECODE_DEFINED_IN_WINTYPES_H -arch arm64 -arch x86_64  conftest.c >&5
configure:5336: $? = 0
configure:5339: ar cru libconftest.a conftest.o >&5
configure:5342: $? = 0
configure:5371: result: ar
configure:5451: checking for pkg-config
configure:5474: found /usr/local/bin/pkg-config
configure:5487: result: /usr/local/bin/pkg-config
configure:5512: checking pkg-config is at least version 0.9.0
configure:5515: result: yes
configure:5527: $PKG_CONFIG --exists --print-errors "libpcsclite"
Package libpcsclite was not found in the pkg-config search path.
Perhaps you should add the directory containing `libpcsclite.pc'
to the PKG_CONFIG_PATH environment variable
No package 'libpcsclite' found
configure:5530: $? = 1
configure:5622: WARNING: libpcsclite not found by pkg-config
configure:5634: checking for stdio.h
configure:5634: gcc -c -mmacosx-version-min=10.11 -arch x86_64 -arch arm64  -DRESPONSECODE_DEFINED_IN_WINTYPES_H -arch arm64 -arch x86_64  -I/Users/mac/Documents/github/osx-ccid-installer-feitian/osx-ccid-installer-feitian/CCID-1.5.5/MacOSX conftest.c >&5
configure:5634: $? = 0
configure:5634: result: yes
configure:5634: checking for stdlib.h
configure:5634: gcc -c -mmacosx-version-min=10.11 -arch x86_64 -arch arm64  -DRESPONSECODE_DEFINED_IN_WINTYPES_H -arch arm64 -arch x86_64  -I/Users/mac/Documents/github/osx-ccid-installer-feitian/osx-ccid-installer-feitian/CCID-1.5.5/MacOSX conftest.c >&5
configure:5634: $? = 0
configure:5634: result: yes
configure:5634: checking for string.h
configure:5634: gcc -c -mmacosx-version-min=10.11 -arch x86_64 -arch arm64  -DRESPONSECODE_DEFINED_IN_WINTYPES_H -arch arm64 -arch x86_64  -I/Users/mac/Documents/github/osx-ccid-installer-feitian/osx-ccid-installer-feitian/CCID-1.5.5/MacOSX conftest.c >&5
configure:5634: $? = 0
configure:5634: result: yes
configure:5634: checking for inttypes.h
configure:5634: gcc -c -mmacosx-version-min=10.11 -arch x86_64 -arch arm64  -DRESPONSECODE_DEFINED_IN_WINTYPES_H -arch arm64 -arch x86_64  -I/Users/mac/Documents/github/osx-ccid-installer-feitian/osx-ccid-installer-feitian/CCID-1.5.5/MacOSX conftest.c >&5
configure:5634: $? = 0
configure:5634: result: yes
configure:5634: checking for stdint.h
configure:5634: gcc -c -mmacosx-version-min=10.11 -arch x86_64 -arch arm64  -DRESPONSECODE_DEFINED_IN_WINTYPES_H -arch arm64 -arch x86_64  -I/Users/mac/Documents/github/osx-ccid-installer-feitian/osx-ccid-installer-feitian/CCID-1.5.5/MacOSX conftest.c >&5
configure:5634: $? = 0
configure:5634: result: yes
configure:5634: checking for strings.h
configure:5634: gcc -c -mmacosx-version-min=10.11 -arch x86_64 -arch arm64  -DRESPONSECODE_DEFINED_IN_WINTYPES_H -arch arm64 -arch x86_64  -I/Users/mac/Documents/github/osx-ccid-installer-feitian/osx-ccid-installer-feitian/CCID-1.5.5/MacOSX conftest.c >&5
configure:5634: $? = 0
configure:5634: result: yes
configure:5634: checking for sys/stat.h
configure:5634: gcc -c -mmacosx-version-min=10.11 -arch x86_64 -arch arm64  -DRESPONSECODE_DEFINED_IN_WINTYPES_H -arch arm64 -arch x86_64  -I/Users/mac/Documents/github/osx-ccid-installer-feitian/osx-ccid-installer-feitian/CCID-1.5.5/MacOSX conftest.c >&5
configure:5634: $? = 0
configure:5634: result: yes
configure:5634: checking for sys/types.h
configure:5634: gcc -c -mmacosx-version-min=10.11 -arch x86_64 -arch arm64  -DRESPONSECODE_DEFINED_IN_WINTYPES_H -arch arm64 -arch x86_64  -I/Users/mac/Documents/github/osx-ccid-installer-feitian/osx-ccid-installer-feitian/CCID-1.5.5/MacOSX conftest.c >&5
configure:5634: $? = 0
configure:5634: result: yes
configure:5634: checking for unistd.h
configure:5634: gcc -c -mmacosx-version-min=10.11 -arch x86_64 -arch arm64  -DRESPONSECODE_DEFINED_IN_WINTYPES_H -arch arm64 -arch x86_64  -I/Users/mac/Documents/github/osx-ccid-installer-feitian/osx-ccid-installer-feitian/CCID-1.5.5/MacOSX conftest.c >&5
configure:5634: $? = 0
configure:5634: result: yes
configure:5659: checking for ifdhandler.h
configure:5659: gcc -c -mmacosx-version-min=10.11 -arch x86_64 -arch arm64  -DRESPONSECODE_DEFINED_IN_WINTYPES_H -arch arm64 -arch x86_64  -I/Users/mac/Documents/github/osx-ccid-installer-feitian/osx-ccid-installer-feitian/CCID-1.5.5/MacOSX conftest.c >&5
configure:5659: $? = 0
configure:5659: result: yes
configure:5668: checking for reader.h
configure:5668: gcc -c -mmacosx-version-min=10.11 -arch x86_64 -arch arm64  -DRESPONSECODE_DEFINED_IN_WINTYPES_H -arch arm64 -arch x86_64  -I/Users/mac/Documents/github/osx-ccid-installer-feitian/osx-ccid-installer-feitian/CCID-1.5.5/MacOSX conftest.c >&5
configure:5668: $? = 0
configure:5668: result: yes
configure:5728: checking how to print strings
configure:5755: result: printf
configure:5776: checking for a sed that does not truncate output
configure:5848: result: /usr/bin/sed
configure:5866: checking for grep that handles long lines and -e
configure:5932: result: /usr/bin/grep
configure:5937: checking for egrep
configure:6007: result: /usr/bin/grep -E
configure:6014: checking for fgrep
configure:6084: result: /usr/bin/grep -F
configure:6121: checking for ld used by gcc
configure:6190: result: /Applications/Xcode.app/Contents/Developer/Toolchains/XcodeDefault.xctoolchain/usr/bin/ld
configure:6197: checking if the linker (/Applications/Xcode.app/Contents/Developer/Toolchains/XcodeDefault.xctoolchain/usr/bin/ld) is GNU ld
configure:6214: result: no
configure:6226: checking for BSD- or MS-compatible name lister (nm)
configure:6282: result: /usr/bin/nm -B
configure:6424: checking the name lister (/usr/bin/nm -B) interface
configure:6432: gcc -c -mmacosx-version-min=10.11 -arch x86_64 -arch arm64  -DRESPONSECODE_DEFINED_IN_WINTYPES_H -arch arm64 -arch x86_64  conftest.c >&5
configure:6435: /usr/bin/nm -B "conftest.o"
configure:6438: output
0000000000000000 S _some_variable
configure:6446: result: BSD nm
configure:6450: checking the maximum length of command line arguments
configure:6583: result: 786432
configure:6631: checking how to convert x86_64-apple-darwin20.6.0 file names to x86_64-apple-darwin20.6.0 format
configure:6673: result: func_convert_file_noop
configure:6680: checking how to convert x86_64-apple-darwin20.6.0 file names to toolchain format
configure:6702: result: func_convert_file_noop
configure:6709: checking for /Applications/Xcode.app/Contents/Developer/Toolchains/XcodeDefault.xctoolchain/usr/bin/ld option to reload object files
configure:6718: result: -r
configure:6798: checking for file
configure:6819: found /usr/bin/file
configure:6831: result: file
configure:6908: checking for objdump
configure:6929: found /usr/bin/objdump
configure:6941: result: objdump
configure:6973: checking how to recognize dependent libraries
configure:7175: result: pass_all
configure:7266: checking for dlltool
configure:7302: result: no
configure:7332: checking how to associate runtime and link libraries
configure:7361: result: printf %s\n
configure:7513: checking for archiver @FILE support
configure:7531: gcc -c -mmacosx-version-min=10.11 -arch x86_64 -arch arm64  -DRESPONSECODE_DEFINED_IN_WINTYPES_H -arch arm64 -arch x86_64  conftest.c >&5
configure:7531: $? = 0
configure:7535: ar cr libconftest.a @conftest.lst >&5
ar: @conftest.lst: No such file or directory
configure:7538: $? = 1
configure:7559: result: no
configure:7623: checking for strip
configure:7644: found /usr/bin/strip
configure:7656: result: strip
configure:7734: checking for ranlib
configure:7755: found /usr/bin/ranlib
configure:7767: result: ranlib
configure:7869: checking command to parse /usr/bin/nm -B output from gcc object
configure:8023: gcc -c -mmacosx-version-min=10.11 -arch x86_64 -arch arm64  -DRESPONSECODE_DEFINED_IN_WINTYPES_H -arch arm64 -arch x86_64  conftest.c >&5
configure:8026: $? = 0
configure:8030: /usr/bin/nm -B conftest.o \| /usr/bin/sed -n -e 's/^.*[ ]\([BCDEGRST][BCDEGRST]*\)[ ][ ]*\([_A-Za-z][_A-Za-z0-9]*\)$/\1 \2 \2/p' | /usr/bin/sed '/ __gnu_lto/d' \> conftest.nm
configure:8033: $? = 0
cannot find nm_test_var in conftest.nm
configure:8023: gcc -c -mmacosx-version-min=10.11 -arch x86_64 -arch arm64  -DRESPONSECODE_DEFINED_IN_WINTYPES_H -arch arm64 -arch x86_64  conftest.c >&5
configure:8026: $? = 0
configure:8030: /usr/bin/nm -B conftest.o \| /usr/bin/sed -n -e 's/^.*[ ]\([BCDEGRST][BCDEGRST]*\)[ ][ ]*_\([_A-Za-z][_A-Za-z0-9]*\)$/\1 _\2 \2/p' | /usr/bin/sed '/ __gnu_lto/d' \> conftest.nm
configure:8033: $? = 0
configure:8099: gcc -o conftest -mmacosx-version-min=10.11 -arch x86_64 -arch arm64  -DRESPONSECODE_DEFINED_IN_WINTYPES_H -arch arm64 -arch x86_64   conftest.c conftstm.o >&5
configure:8102: $? = 0
configure:8141: result: ok
configure:8188: checking for sysroot
configure:8220: result: no
configure:8227: checking for a working dd
configure:8272: result: /bin/dd
configure:8276: checking how to truncate binary pipes
configure:8293: result: /bin/dd bs=4096 count=1
configure:8633: checking for mt
configure:8669: result: no
configure:8689: checking if : is a manifest tool
configure:8696: : '-?'
configure:8705: result: no
configure:8767: checking for dsymutil
configure:8788: found /usr/bin/dsymutil
configure:8800: result: dsymutil
configure:8871: checking for nmedit
configure:8892: found /usr/bin/nmedit
configure:8904: result: nmedit
configure:8975: checking for lipo
configure:8996: found /usr/bin/lipo
configure:9008: result: lipo
configure:9079: checking for otool
configure:9100: found /usr/bin/otool
configure:9112: result: otool
configure:9183: checking for otool64
configure:9219: result: no
configure:9264: checking for -single_module linker flag
gcc -mmacosx-version-min=10.11 -arch x86_64 -arch arm64  -DRESPONSECODE_DEFINED_IN_WINTYPES_H -arch arm64 -arch x86_64  -o libconftest.dylib -dynamiclib -Wl,-single_module conftest.c
configure:9299: result: yes
configure:9302: checking for -exported_symbols_list linker flag
configure:9323: gcc -o conftest -mmacosx-version-min=10.11 -arch x86_64 -arch arm64  -DRESPONSECODE_DEFINED_IN_WINTYPES_H -arch arm64 -arch x86_64   -Wl,-exported_symbols_list,conftest.sym conftest.c  >&5
configure:9323: $? = 0
configure:9336: result: yes
configure:9339: checking for -force_load linker flag
gcc -mmacosx-version-min=10.11 -arch x86_64 -arch arm64  -DRESPONSECODE_DEFINED_IN_WINTYPES_H -arch arm64 -arch x86_64 -c -o conftest.o conftest.c
ar cr libconftest.a conftest.o
ranlib libconftest.a
gcc -mmacosx-version-min=10.11 -arch x86_64 -arch arm64  -DRESPONSECODE_DEFINED_IN_WINTYPES_H -arch arm64 -arch x86_64  -o conftest conftest.c -Wl,-force_load,./libconftest.a
configure:9373: result: yes
configure:9440: checking for dlfcn.h
configure:9440: gcc -c -mmacosx-version-min=10.11 -arch x86_64 -arch arm64  -DRESPONSECODE_DEFINED_IN_WINTYPES_H -arch arm64 -arch x86_64  conftest.c >&5
configure:9440: $? = 0
configure:9440: result: yes
configure:9704: checking for objdir
configure:9721: result: .libs
configure:9987: checking if gcc supports -fno-rtti -fno-exceptions
configure:10006: gcc -c -mmacosx-version-min=10.11 -arch x86_64 -arch arm64  -DRESPONSECODE_DEFINED_IN_WINTYPES_H -arch arm64 -arch x86_64  -fno-rtti -fno-exceptions conftest.c >&5
configure:10010: $? = 0
configure:10024: result: yes
configure:10382: checking for gcc option to produce PIC
configure:10391: result: -fno-common -DPIC
configure:10399: checking if gcc PIC flag -fno-common -DPIC works
configure:10418: gcc -c -mmacosx-version-min=10.11 -arch x86_64 -arch arm64  -DRESPONSECODE_DEFINED_IN_WINTYPES_H -arch arm64 -arch x86_64  -fno-common -DPIC -DPIC conftest.c >&5
configure:10422: $? = 0
configure:10436: result: yes
configure:10465: checking if gcc static flag -static works
configure:10495: result: no
configure:10510: checking if gcc supports -c -o file.o
configure:10532: gcc -c -mmacosx-version-min=10.11 -arch x86_64 -arch arm64  -DRESPONSECODE_DEFINED_IN_WINTYPES_H -arch arm64 -arch x86_64  -o out/conftest2.o conftest.c >&5
configure:10536: $? = 0
configure:10559: result: yes
configure:10567: checking if gcc supports -c -o file.o
configure:10616: result: yes
configure:10649: checking whether the gcc linker (/Applications/Xcode.app/Contents/Developer/Toolchains/XcodeDefault.xctoolchain/usr/bin/ld) supports shared libraries
configure:11922: result: yes
configure:12164: checking dynamic linker characteristics
configure:12986: result: darwin20.6.0 dyld
configure:13108: checking how to hardcode library paths into programs
configure:13133: result: immediate
configure:13733: checking whether stripping libraries is possible
configure:13750: result: yes
configure:13784: checking if libtool supports shared libraries
configure:13786: result: yes
configure:13789: checking whether to build shared libraries
configure:13814: result: yes
configure:13817: checking whether to build static libraries
configure:13821: result: no
configure:13867: checking for errno.h
configure:13867: gcc -c -mmacosx-version-min=10.11 -arch x86_64 -arch arm64  -DRESPONSECODE_DEFINED_IN_WINTYPES_H -arch arm64 -arch x86_64  conftest.c >&5
configure:13867: $? = 0
configure:13867: result: yes
configure:13867: checking for fcntl.h
configure:13867: gcc -c -mmacosx-version-min=10.11 -arch x86_64 -arch arm64  -DRESPONSECODE_DEFINED_IN_WINTYPES_H -arch arm64 -arch x86_64  conftest.c >&5
configure:13867: $? = 0
configure:13867: result: yes
configure:13867: checking for stdlib.h
configure:13867: result: yes
configure:13867: checking for unistd.h
configure:13867: result: yes
configure:13867: checking for termios.h
configure:13867: gcc -c -mmacosx-version-min=10.11 -arch x86_64 -arch arm64  -DRESPONSECODE_DEFINED_IN_WINTYPES_H -arch arm64 -arch x86_64  conftest.c >&5
configure:13867: $? = 0
configure:13867: result: yes
configure:13867: checking for string.h
configure:13867: result: yes
configure:13867: checking for sys/time.h
configure:13867: gcc -c -mmacosx-version-min=10.11 -arch x86_64 -arch arm64  -DRESPONSECODE_DEFINED_IN_WINTYPES_H -arch arm64 -arch x86_64  conftest.c >&5
configure:13867: $? = 0
configure:13867: result: yes
configure:13867: checking for sys/types.h
configure:13867: result: yes
configure:13867: checking for stdarg.h
configure:13867: gcc -c -mmacosx-version-min=10.11 -arch x86_64 -arch arm64  -DRESPONSECODE_DEFINED_IN_WINTYPES_H -arch arm64 -arch x86_64  conftest.c >&5
configure:13867: $? = 0
configure:13867: result: yes
configure:13867: checking for arpa/inet.h
configure:13867: gcc -c -mmacosx-version-min=10.11 -arch x86_64 -arch arm64  -DRESPONSECODE_DEFINED_IN_WINTYPES_H -arch arm64 -arch x86_64  conftest.c >&5
configure:13867: $? = 0
configure:13867: result: yes
configure:13867: checking for stdio.h
configure:13867: result: yes
configure:13882: checking for an ANSI C-conforming const
configure:13949: gcc -c -mmacosx-version-min=10.11 -arch x86_64 -arch arm64  -DRESPONSECODE_DEFINED_IN_WINTYPES_H -arch arm64 -arch x86_64  conftest.c >&5
configure:13949: $? = 0
configure:13959: result: yes
configure:13967: checking for size_t
configure:13967: gcc -c -mmacosx-version-min=10.11 -arch x86_64 -arch arm64  -DRESPONSECODE_DEFINED_IN_WINTYPES_H -arch arm64 -arch x86_64  conftest.c >&5
configure:13967: $? = 0
configure:13967: gcc -c -mmacosx-version-min=10.11 -arch x86_64 -arch arm64  -DRESPONSECODE_DEFINED_IN_WINTYPES_H -arch arm64 -arch x86_64  conftest.c >&5
conftest.c:66:21: error: expected expression
if (sizeof ((size_t)))
                    ^
1 error generated.
configure:13967: $? = 1
configure: failed program was:
| /* confdefs.h */
| #define PACKAGE_NAME "ccid"
| #define PACKAGE_TARNAME "ccid"
| #define PACKAGE_VERSION "1.5.5"
| #define PACKAGE_STRING "ccid 1.5.5"
| #define PACKAGE_BUGREPORT ""
| #define PACKAGE_URL ""
| #define PACKAGE "ccid"
| #define VERSION "1.5.5"
| #define YYTEXT_POINTER 1
| #define HAVE_STDIO_H 1
| #define HAVE_STDLIB_H 1
| #define HAVE_STRING_H 1
| #define HAVE_INTTYPES_H 1
| #define HAVE_STDINT_H 1
| #define HAVE_STRINGS_H 1
| #define HAVE_SYS_STAT_H 1
| #define HAVE_SYS_TYPES_H 1
| #define HAVE_UNISTD_H 1
| #define STDC_HEADERS 1
| #define HAVE_DLFCN_H 1
| #define LT_OBJDIR ".libs/"
| #define HAVE_ERRNO_H 1
| #define HAVE_FCNTL_H 1
| #define HAVE_STDLIB_H 1
| #define HAVE_UNISTD_H 1
| #define HAVE_TERMIOS_H 1
| #define HAVE_STRING_H 1
| #define HAVE_SYS_TIME_H 1
| #define HAVE_SYS_TYPES_H 1
| #define HAVE_STDARG_H 1
| #define HAVE_ARPA_INET_H 1
| #define HAVE_STDIO_H 1
| /* end confdefs.h.  */
| #include <stddef.h>
| #ifdef HAVE_STDIO_H
| # include <stdio.h>
| #endif
| #ifdef HAVE_STDLIB_H
| # include <stdlib.h>
| #endif
| #ifdef HAVE_STRING_H
| # include <string.h>
| #endif
| #ifdef HAVE_INTTYPES_H
| # include <inttypes.h>
| #endif
| #ifdef HAVE_STDINT_H
| # include <stdint.h>
| #endif
| #ifdef HAVE_STRINGS_H
| # include <strings.h>
| #endif
| #ifdef HAVE_SYS_TYPES_H
| # include <sys/types.h>
| #endif
| #ifdef HAVE_SYS_STAT_H
| # include <sys/stat.h>
| #endif
| #ifdef HAVE_UNISTD_H
| # include <unistd.h>
| #endif
| int
| main (void)
| {
| if (sizeof ((size_t)))
| 	    return 0;
|   ;
|   return 0;
| }
configure:13967: result: yes
configure:13980: checking for select
configure:13980: gcc -o conftest -mmacosx-version-min=10.11 -arch x86_64 -arch arm64  -DRESPONSECODE_DEFINED_IN_WINTYPES_H -arch arm64 -arch x86_64   conftest.c  >&5
configure:13980: $? = 0
configure:13980: result: yes
configure:13986: checking for strerror
configure:13986: gcc -o conftest -mmacosx-version-min=10.11 -arch x86_64 -arch arm64  -DRESPONSECODE_DEFINED_IN_WINTYPES_H -arch arm64 -arch x86_64   conftest.c  >&5
conftest.c:52:6: warning: incompatible redeclaration of library function 'strerror' [-Wincompatible-library-redeclaration]
char strerror (void);
     ^
conftest.c:52:6: note: 'strerror' is a builtin with type 'char *(int)'
1 warning generated.
conftest.c:52:6: warning: incompatible redeclaration of library function 'strerror' [-Wincompatible-library-redeclaration]
char strerror (void);
     ^
conftest.c:52:6: note: 'strerror' is a builtin with type 'char *(int)'
1 warning generated.
configure:13986: $? = 0
configure:13986: result: yes
configure:13992: checking for strncpy
configure:13992: gcc -o conftest -mmacosx-version-min=10.11 -arch x86_64 -arch arm64  -DRESPONSECODE_DEFINED_IN_WINTYPES_H -arch arm64 -arch x86_64   conftest.c  >&5
conftest.c:53:6: warning: incompatible redeclaration of library function 'strncpy' [-Wincompatible-library-redeclaration]
char strncpy (void);
     ^
conftest.c:53:6: note: 'strncpy' is a builtin with type 'char *(char *, const char *, unsigned long)'
1 warning generated.
conftest.c:53:6: warning: incompatible redeclaration of library function 'strncpy' [-Wincompatible-library-redeclaration]
char strncpy (void);
     ^
conftest.c:53:6: note: 'strncpy' is a builtin with type 'char *(char *, const char *, unsigned long)'
1 warning generated.
configure:13992: $? = 0
configure:13992: result: yes
configure:13998: checking for memcpy
configure:13998: gcc -o conftest -mmacosx-version-min=10.11 -arch x86_64 -arch arm64  -DRESPONSECODE_DEFINED_IN_WINTYPES_H -arch arm64 -arch x86_64   conftest.c  >&5
conftest.c:54:6: warning: incompatible redeclaration of library function 'memcpy' [-Wincompatible-library-redeclaration]
char memcpy (void);
     ^
conftest.c:54:6: note: 'memcpy' is a builtin with type 'void *(void *, const void *, unsigned long)'
1 warning generated.
conftest.c:54:6: warning: incompatible redeclaration of library function 'memcpy' [-Wincompatible-library-redeclaration]
char memcpy (void);
     ^
conftest.c:54:6: note: 'memcpy' is a builtin with type 'void *(void *, const void *, unsigned long)'
1 warning generated.
configure:13998: $? = 0
configure:13998: result: yes
configure:14004: checking for strlcpy
configure:14004: gcc -o conftest -mmacosx-version-min=10.11 -arch x86_64 -arch arm64  -DRESPONSECODE_DEFINED_IN_WINTYPES_H -arch arm64 -arch x86_64   conftest.c  >&5
conftest.c:55:6: warning: incompatible redeclaration of library function 'strlcpy' [-Wincompatible-library-redeclaration]
char strlcpy (void);
     ^
conftest.c:55:6: note: 'strlcpy' is a builtin with type 'unsigned long (char *, const char *, unsigned long)'
1 warning generated.
conftest.c:55:6: warning: incompatible redeclaration of library function 'strlcpy' [-Wincompatible-library-redeclaration]
char strlcpy (void);
     ^
conftest.c:55:6: note: 'strlcpy' is a builtin with type 'unsigned long (char *, const char *, unsigned long)'
1 warning generated.
configure:14004: $? = 0
configure:14004: result: yes
configure:14010: checking for strlcat
configure:14010: gcc -o conftest -mmacosx-version-min=10.11 -arch x86_64 -arch arm64  -DRESPONSECODE_DEFINED_IN_WINTYPES_H -arch arm64 -arch x86_64   conftest.c  >&5
conftest.c:56:6: warning: incompatible redeclaration of library function 'strlcat' [-Wincompatible-library-redeclaration]
char strlcat (void);
     ^
conftest.c:56:6: note: 'strlcat' is a builtin with type 'unsigned long (char *, const char *, unsigned long)'
1 warning generated.
conftest.c:56:6: warning: incompatible redeclaration of library function 'strlcat' [-Wincompatible-library-redeclaration]
char strlcat (void);
     ^
conftest.c:56:6: note: 'strlcat' is a builtin with type 'unsigned long (char *, const char *, unsigned long)'
1 warning generated.
configure:14010: $? = 0
configure:14010: result: yes
configure:14016: checking for secure_getenv
configure:14016: gcc -o conftest -mmacosx-version-min=10.11 -arch x86_64 -arch arm64  -DRESPONSECODE_DEFINED_IN_WINTYPES_H -arch arm64 -arch x86_64   conftest.c  >&5
Undefined symbols for architecture x86_64:
  "_secure_getenv", referenced from:
      _main in conftest-efabc2.o
ld: symbol(s) not found for architecture x86_64
clang: error: linker command failed with exit code 1 (use -v to see invocation)
configure:14016: $? = 1
configure: failed program was:
| /* confdefs.h */
| #define PACKAGE_NAME "ccid"
| #define PACKAGE_TARNAME "ccid"
| #define PACKAGE_VERSION "1.5.5"
| #define PACKAGE_STRING "ccid 1.5.5"
| #define PACKAGE_BUGREPORT ""
| #define PACKAGE_URL ""
| #define PACKAGE "ccid"
| #define VERSION "1.5.5"
| #define YYTEXT_POINTER 1
| #define HAVE_STDIO_H 1
| #define HAVE_STDLIB_H 1
| #define HAVE_STRING_H 1
| #define HAVE_INTTYPES_H 1
| #define HAVE_STDINT_H 1
| #define HAVE_STRINGS_H 1
| #define HAVE_SYS_STAT_H 1
| #define HAVE_SYS_TYPES_H 1
| #define HAVE_UNISTD_H 1
| #define STDC_HEADERS 1
| #define HAVE_DLFCN_H 1
| #define LT_OBJDIR ".libs/"
| #define HAVE_ERRNO_H 1
| #define HAVE_FCNTL_H 1
| #define HAVE_STDLIB_H 1
| #define HAVE_UNISTD_H 1
| #define HAVE_TERMIOS_H 1
| #define HAVE_STRING_H 1
| #define HAVE_SYS_TIME_H 1
| #define HAVE_SYS_TYPES_H 1
| #define HAVE_STDARG_H 1
| #define HAVE_ARPA_INET_H 1
| #define HAVE_STDIO_H 1
| #define HAVE_SELECT 1
| #define HAVE_STRERROR 1
| #define HAVE_STRNCPY 1
| #define HAVE_MEMCPY 1
| #define HAVE_STRLCPY 1
| #define HAVE_STRLCAT 1
| /* end confdefs.h.  */
| /* Define secure_getenv to an innocuous variant, in case <limits.h> declares secure_getenv.
|    For example, HP-UX 11i <limits.h> declares gettimeofday.  */
| #define secure_getenv innocuous_secure_getenv
| 
| /* System header to define __stub macros and hopefully few prototypes,
|    which can conflict with char secure_getenv (void); below.  */
| 
| #include <limits.h>
| #undef secure_getenv
| 
| /* Override any GCC internal prototype to avoid an error.
|    Use char because int might match the return type of a GCC
|    builtin and then its argument prototype would still apply.  */
| #ifdef __cplusplus
| extern "C"
| #endif
| char secure_getenv (void);
| /* The GNU C library defines this for functions which it implements
|     to always fail with ENOSYS.  Some functions are actually named
|     something starting with __ and the normal name is an alias.  */
| #if defined __stub_secure_getenv || defined __stub___secure_getenv
| choke me
| #endif
| 
| int
| main (void)
| {
| return secure_getenv ();
|   ;
|   return 0;
| }
configure:14016: result: no
configure:14022: checking for pthread_condattr_setclock
configure:14022: gcc -o conftest -mmacosx-version-min=10.11 -arch x86_64 -arch arm64  -DRESPONSECODE_DEFINED_IN_WINTYPES_H -arch arm64 -arch x86_64   conftest.c  >&5
Undefined symbols for architecture x86_64:
  "_pthread_condattr_setclock", referenced from:
      _main in conftest-d518a6.o
ld: symbol(s) not found for architecture x86_64
clang: error: linker command failed with exit code 1 (use -v to see invocation)
configure:14022: $? = 1
configure: failed program was:
| /* confdefs.h */
| #define PACKAGE_NAME "ccid"
| #define PACKAGE_TARNAME "ccid"
| #define PACKAGE_VERSION "1.5.5"
| #define PACKAGE_STRING "ccid 1.5.5"
| #define PACKAGE_BUGREPORT ""
| #define PACKAGE_URL ""
| #define PACKAGE "ccid"
| #define VERSION "1.5.5"
| #define YYTEXT_POINTER 1
| #define HAVE_STDIO_H 1
| #define HAVE_STDLIB_H 1
| #define HAVE_STRING_H 1
| #define HAVE_INTTYPES_H 1
| #define HAVE_STDINT_H 1
| #define HAVE_STRINGS_H 1
| #define HAVE_SYS_STAT_H 1
| #define HAVE_SYS_TYPES_H 1
| #define HAVE_UNISTD_H 1
| #define STDC_HEADERS 1
| #define HAVE_DLFCN_H 1
| #define LT_OBJDIR ".libs/"
| #define HAVE_ERRNO_H 1
| #define HAVE_FCNTL_H 1
| #define HAVE_STDLIB_H 1
| #define HAVE_UNISTD_H 1
| #define HAVE_TERMIOS_H 1
| #define HAVE_STRING_H 1
| #define HAVE_SYS_TIME_H 1
| #define HAVE_SYS_TYPES_H 1
| #define HAVE_STDARG_H 1
| #define HAVE_ARPA_INET_H 1
| #define HAVE_STDIO_H 1
| #define HAVE_SELECT 1
| #define HAVE_STRERROR 1
| #define HAVE_STRNCPY 1
| #define HAVE_MEMCPY 1
| #define HAVE_STRLCPY 1
| #define HAVE_STRLCAT 1
| /* end confdefs.h.  */
| /* Define pthread_condattr_setclock to an innocuous variant, in case <limits.h> declares pthread_condattr_setclock.
|    For example, HP-UX 11i <limits.h> declares gettimeofday.  */
| #define pthread_condattr_setclock innocuous_pthread_condattr_setclock
| 
| /* System header to define __stub macros and hopefully few prototypes,
|    which can conflict with char pthread_condattr_setclock (void); below.  */
| 
| #include <limits.h>
| #undef pthread_condattr_setclock
| 
| /* Override any GCC internal prototype to avoid an error.
|    Use char because int might match the return type of a GCC
|    builtin and then its argument prototype would still apply.  */
| #ifdef __cplusplus
| extern "C"
| #endif
| char pthread_condattr_setclock (void);
| /* The GNU C library defines this for functions which it implements
|     to always fail with ENOSYS.  Some functions are actually named
|     something starting with __ and the normal name is an alias.  */
| #if defined __stub_pthread_condattr_setclock || defined __stub___pthread_condattr_setclock
| choke me
| #endif
| 
| int
| main (void)
| {
| return pthread_condattr_setclock ();
|   ;
|   return 0;
| }
configure:14022: result: no
configure:14046: checking for zlib
configure:14053: $PKG_CONFIG --exists --print-errors "zlib"
configure:14056: $? = 0
configure:14070: $PKG_CONFIG --exists --print-errors "zlib"
configure:14073: $? = 0
configure:14131: result: yes
configure:14152: $PKG_CONFIG --exists --print-errors "libusb-1.0"
configure:14155: $? = 0
configure:14160: checking for libusb-1.0 >= 1.0.9
configure:14413: result: yes
configure:14428: checking for libusb.h
configure:14428: gcc -c -mmacosx-version-min=10.11 -arch x86_64 -arch arm64  -DRESPONSECODE_DEFINED_IN_WINTYPES_H -arch arm64 -arch x86_64  -I/Users/mac/Documents/github/osx-ccid-installer-feitian/osx-ccid-installer-feitian/tmp/include/libusb-1.0 conftest.c >&5
configure:14428: $? = 0
configure:14428: result: yes
configure:14440: checking for libusb_init
configure:14463: gcc -o conftest -mmacosx-version-min=10.11 -arch x86_64 -arch arm64  -DRESPONSECODE_DEFINED_IN_WINTYPES_H -arch arm64 -arch x86_64  -I/Users/mac/Documents/github/osx-ccid-installer-feitian/osx-ccid-installer-feitian/tmp/include/libusb-1.0  conftest.c  -L/Users/mac/Documents/github/osx-ccid-installer-feitian/osx-ccid-installer-feitian/tmp/lib -lusb-1.0 -lobjc -Wl,-framework,IOKit -Wl,-framework,CoreFoundation >&5
ld: warning: object file (/Users/mac/Documents/github/osx-ccid-installer-feitian/osx-ccid-installer-feitian/tmp/lib/libusb-1.0.a(libusb_1_0_la-core.o)) was built for newer macOS version (11.0) than being linked (10.11)
ld: warning: object file (/Users/mac/Documents/github/osx-ccid-installer-feitian/osx-ccid-installer-feitian/tmp/lib/libusb-1.0.a(libusb_1_0_la-darwin_usb.o)) was built for newer macOS version (11.0) than being linked (10.11)
ld: warning: object file (/Users/mac/Documents/github/osx-ccid-installer-feitian/osx-ccid-installer-feitian/tmp/lib/libusb-1.0.a(libusb_1_0_la-sync.o)) was built for newer macOS version (11.0) than being linked (10.11)
ld: warning: object file (/Users/mac/Documents/github/osx-ccid-installer-feitian/osx-ccid-installer-feitian/tmp/lib/libusb-1.0.a(libusb_1_0_la-descriptor.o)) was built for newer macOS version (11.0) than being linked (10.11)
ld: warning: object file (/Users/mac/Documents/github/osx-ccid-installer-feitian/osx-ccid-installer-feitian/tmp/lib/libusb-1.0.a(libusb_1_0_la-io.o)) was built for newer macOS version (11.0) than being linked (10.11)
ld: warning: object file (/Users/mac/Documents/github/osx-ccid-installer-feitian/osx-ccid-installer-feitian/tmp/lib/libusb-1.0.a(libusb_1_0_la-threads_posix.o)) was built for newer macOS version (11.0) than being linked (10.11)
ld: warning: object file (/Users/mac/Documents/github/osx-ccid-installer-feitian/osx-ccid-installer-feitian/tmp/lib/libusb-1.0.a(libusb_1_0_la-hotplug.o)) was built for newer macOS version (11.0) than being linked (10.11)
ld: warning: object file (/Users/mac/Documents/github/osx-ccid-installer-feitian/osx-ccid-installer-feitian/tmp/lib/libusb-1.0.a(libusb_1_0_la-poll_posix.o)) was built for newer macOS version (11.0) than being linked (10.11)
configure:14463: $? = 0
configure:14465: result: yes
configure:14510: checking for -fvisibility=hidden
configure:14516: gcc -c -mmacosx-version-min=10.11 -arch x86_64 -arch arm64  -DRESPONSECODE_DEFINED_IN_WINTYPES_H -arch arm64 -arch x86_64 -fvisibility=hidden  conftest.c >&5
configure:14516: $? = 0
configure:14518: result: yes
configure:14963: checking that generated files are newer than configure
configure:14969: result: done
configure:15008: creating ./config.status

## ---------------------- ##
## Running config.status. ##
## ---------------------- ##

This file was extended by ccid config.status 1.5.5, which was
generated by GNU Autoconf 2.72.  Invocation command line was

  CONFIG_FILES    = 
  CONFIG_HEADERS  = 
  CONFIG_LINKS    = 
  CONFIG_COMMANDS = 
  $ ./config.status 

on ben-iMac.local

config.status:1145: creating Makefile
config.status:1145: creating src/Makefile
config.status:1145: creating readers/Makefile
config.status:1145: creating contrib/Makefile
config.status:1145: creating contrib/Kobil_mIDentity_switch/Makefile
config.status:1145: creating contrib/RSA_SecurID/Makefile
config.status:1145: creating examples/Makefile
config.status:1145: creating config.h
config.status:1326: config.h is unchanged
config.status:1374: executing depfiles commands
config.status:1374: executing libtool commands

## ---------------- ##
## Cache variables. ##
## ---------------- ##

ac_cv_build=x86_64-apple-darwin20.6.0
ac_cv_c_compiler_gnu=yes
ac_cv_c_const=yes
ac_cv_env_CC_set=
ac_cv_env_CC_value=
ac_cv_env_CFLAGS_set=set
ac_cv_env_CFLAGS_value='-mmacosx-version-min=10.11 -arch x86_64 -arch arm64  -DRESPONSECODE_DEFINED_IN_WINTYPES_H -arch arm64 -arch x86_64'
ac_cv_env_CPPFLAGS_set=
ac_cv_env_CPPFLAGS_value=
ac_cv_env_CPP_set=
ac_cv_env_CPP_value=
ac_cv_env_LDFLAGS_set=set
ac_cv_env_LDFLAGS_value=
ac_cv_env_LIBS_set=
ac_cv_env_LIBS_value=
ac_cv_env_LIBUSB_CFLAGS_set=set
ac_cv_env_LIBUSB_CFLAGS_value=-I/Users/mac/Documents/github/osx-ccid-installer-feitian/osx-ccid-installer-feitian/tmp/include/libusb-1.0
ac_cv_env_LIBUSB_LIBS_set=set
ac_cv_env_LIBUSB_LIBS_value='-L/Users/mac/Documents/github/osx-ccid-installer-feitian/osx-ccid-installer-feitian/tmp/lib -lusb-1.0 -lobjc -Wl,-framework,IOKit -Wl,-framework,CoreFoundation'
ac_cv_env_LT_SYS_LIBRARY_PATH_set=
ac_cv_env_LT_SYS_LIBRARY_PATH_value=
ac_cv_env_PCSC_CFLAGS_set=set
ac_cv_env_PCSC_CFLAGS_value=-I/Users/mac/Documents/github/osx-ccid-installer-feitian/osx-ccid-installer-feitian/CCID-1.5.5/MacOSX
ac_cv_env_PCSC_LIBS_set=set
ac_cv_env_PCSC_LIBS_value='-framework PCSC'
ac_cv_env_PKG_CONFIG_LIBDIR_set=
ac_cv_env_PKG_CONFIG_LIBDIR_value=
ac_cv_env_PKG_CONFIG_PATH_set=set
ac_cv_env_PKG_CONFIG_PATH_value=/Users/mac/Documents/github/osx-ccid-installer-feitian/osx-ccid-installer-feitian/tmp/lib/pkgconfig
ac_cv_env_PKG_CONFIG_set=
ac_cv_env_PKG_CONFIG_value=
ac_cv_env_ZLIB_CFLAGS_set=
ac_cv_env_ZLIB_CFLAGS_value=
ac_cv_env_ZLIB_LIBS_set=
ac_cv_env_ZLIB_LIBS_value=
ac_cv_env_build_alias_set=
ac_cv_env_build_alias_value=
ac_cv_env_host_alias_set=
ac_cv_env_host_alias_value=
ac_cv_env_target_alias_set=
ac_cv_env_target_alias_value=
ac_cv_func_memcpy=yes
ac_cv_func_pthread_condattr_setclock=no
ac_cv_func_secure_getenv=no
ac_cv_func_select=yes
ac_cv_func_strerror=yes
ac_cv_func_strlcat=yes
ac_cv_func_strlcpy=yes
ac_cv_func_strncpy=yes
ac_cv_header_arpa_inet_h=yes
ac_cv_header_dlfcn_h=yes
ac_cv_header_errno_h=yes
ac_cv_header_fcntl_h=yes
ac_cv_header_ifdhandler_h=yes
ac_cv_header_inttypes_h=yes
ac_cv_header_libusb_h=yes
ac_cv_header_reader_h=yes
ac_cv_header_stdarg_h=yes
ac_cv_header_stdint_h=yes
ac_cv_header_stdio_h=yes
ac_cv_header_stdlib_h=yes
ac_cv_header_string_h=yes
ac_cv_header_strings_h=yes
ac_cv_header_sys_stat_h=yes
ac_cv_header_sys_time_h=yes
ac_cv_header_sys_types_h=yes
ac_cv_header_termios_h=yes
ac_cv_header_unistd_h=yes
ac_cv_host=x86_64-apple-darwin20.6.0
ac_cv_lib_lex='none needed'
ac_cv_objext=o
ac_cv_path_EGREP='/usr/bin/grep -E'
ac_cv_path_EGREP_TRADITIONAL='/usr/bin/grep -E'
ac_cv_path_FGREP='/usr/bin/grep -F'
ac_cv_path_GREP=/usr/bin/grep
ac_cv_path_SED=/usr/bin/sed
ac_cv_path_ac_pt_PKG_CONFIG=/usr/local/bin/pkg-config
ac_cv_path_install='/usr/bin/install -c'
ac_cv_path_lt_DD=/bin/dd
ac_cv_prog_AWK=awk
ac_cv_prog_CPP='gcc -E'
ac_cv_prog_LEX=flex
ac_cv_prog_ac_ct_AR=ar
ac_cv_prog_ac_ct_CC=gcc
ac_cv_prog_ac_ct_DSYMUTIL=dsymutil
ac_cv_prog_ac_ct_FILECMD=file
ac_cv_prog_ac_ct_LIPO=lipo
ac_cv_prog_ac_ct_NMEDIT=nmedit
ac_cv_prog_ac_ct_OBJDUMP=objdump
ac_cv_prog_ac_ct_OTOOL=otool
ac_cv_prog_ac_ct_RANLIB=ranlib
ac_cv_prog_ac_ct_STRIP=strip
ac_cv_prog_cc_c11=
ac_cv_prog_cc_g=yes
ac_cv_prog_cc_stdc=
ac_cv_prog_lex_root=lex.yy
ac_cv_prog_lex_yytext_pointer=yes
ac_cv_prog_make_make_set=yes
ac_cv_type_size_t=yes
am_cv_CC_dependencies_compiler_type=none
am_cv_ar_interface=ar
am_cv_make_support_nested_variables=yes
am_cv_prog_cc_c_o=yes
lt_cv_apple_cc_single_mod=yes
lt_cv_ar_at_file=no
lt_cv_deplibs_check_method=pass_all
lt_cv_file_magic_cmd='$MAGIC_CMD'
lt_cv_file_magic_test_file=
lt_cv_ld_exported_symbols_list=yes
lt_cv_ld_force_load=yes
lt_cv_ld_reload_flag=-r
lt_cv_nm_interface='BSD nm'
lt_cv_objdir=.libs
lt_cv_path_LD=/Applications/Xcode.app/Contents/Developer/Toolchains/XcodeDefault.xctoolchain/usr/bin/ld
lt_cv_path_NM='/usr/bin/nm -B'
lt_cv_path_mainfest_tool=no
lt_cv_prog_compiler_c_o=yes
lt_cv_prog_compiler_pic='-fno-common -DPIC'
lt_cv_prog_compiler_pic_works=yes
lt_cv_prog_compiler_rtti_exceptions=yes
lt_cv_prog_compiler_static_works=no
lt_cv_prog_gnu_ld=no
lt_cv_sharedlib_from_linklib_cmd='printf %s\n'
lt_cv_sys_global_symbol_pipe='/usr/bin/sed -n -e '\''s/^.*[	 ]\([BCDEGRST][BCDEGRST]*\)[	 ][	 ]*_\([_A-Za-z][_A-Za-z0-9]*\)$/\1 _\2 \2/p'\'' | /usr/bin/sed '\''/ __gnu_lto/d'\'''
lt_cv_sys_global_symbol_to_c_name_address='/usr/bin/sed -n -e '\''s/^: \(.*\) .*$/  {"\1", (void *) 0},/p'\'' -e '\''s/^[BCDEGRST][BCDEGRST]* .* \(.*\)$/  {"\1", (void *) \&\1},/p'\'''
lt_cv_sys_global_symbol_to_c_name_address_lib_prefix='/usr/bin/sed -n -e '\''s/^: \(.*\) .*$/  {"\1", (void *) 0},/p'\'' -e '\''s/^[BCDEGRST][BCDEGRST]* .* \(lib.*\)$/  {"\1", (void *) \&\1},/p'\'' -e '\''s/^[BCDEGRST][BCDEGRST]* .* \(.*\)$/  {"lib\1", (void *) \&\1},/p'\'''
lt_cv_sys_global_symbol_to_cdecl='/usr/bin/sed -n -e '\''s/^T .* \(.*\)$/extern int \1();/p'\'' -e '\''s/^[BCDEGRST][BCDEGRST]* .* \(.*\)$/extern char \1;/p'\'''
lt_cv_sys_global_symbol_to_import=
lt_cv_sys_max_cmd_len=786432
lt_cv_to_host_file_cmd=func_convert_file_noop
lt_cv_to_tool_file_cmd=func_convert_file_noop
lt_cv_truncate_bin='/bin/dd bs=4096 count=1'
pkg_cv_LIBUSB_CFLAGS=-I/Users/mac/Documents/github/osx-ccid-installer-feitian/osx-ccid-installer-feitian/tmp/include/libusb-1.0
pkg_cv_LIBUSB_LIBS='-L/Users/mac/Documents/github/osx-ccid-installer-feitian/osx-ccid-installer-feitian/tmp/lib -lusb-1.0 -lobjc -Wl,-framework,IOKit -Wl,-framework,CoreFoundation'
pkg_cv_ZLIB_CFLAGS=
pkg_cv_ZLIB_LIBS=-lz

## ----------------- ##
## Output variables. ##
## ----------------- ##

ACLOCAL='${SHELL} '\''/Users/mac/Documents/github/osx-ccid-installer-feitian/osx-ccid-installer-feitian/CCID-1.5.5/missing'\'' aclocal-1.16'
AMDEPBACKSLASH=''
AMDEP_FALSE=''
AMDEP_TRUE='#'
AMTAR='$${TAR-tar}'
AM_BACKSLASH='\'
AM_DEFAULT_V='$(AM_DEFAULT_VERBOSITY)'
AM_DEFAULT_VERBOSITY='0'
AM_V='$(V)'
AR='ar'
AUTOCONF='${SHELL} '\''/Users/mac/Documents/github/osx-ccid-installer-feitian/osx-ccid-installer-feitian/CCID-1.5.5/missing'\'' autoconf'
AUTOHEADER='${SHELL} '\''/Users/mac/Documents/github/osx-ccid-installer-feitian/osx-ccid-installer-feitian/CCID-1.5.5/missing'\'' autoheader'
AUTOMAKE='${SHELL} '\''/Users/mac/Documents/github/osx-ccid-installer-feitian/osx-ccid-installer-feitian/CCID-1.5.5/missing'\'' automake-1.16'
AWK='awk'
BUNDLE_HOST='MacOS'
CC='gcc'
CCDEPMODE='depmode=none'
CFLAGS='-mmacosx-version-min=10.11 -arch x86_64 -arch arm64  -DRESPONSECODE_DEFINED_IN_WINTYPES_H -arch arm64 -arch x86_64'
CPP='gcc -E'
CPPFLAGS=''
CSCOPE='cscope'
CTAGS='ctags'
CYGPATH_W='echo'
DEFS='-DHAVE_CONFIG_H'
DEPDIR='.deps'
DLLTOOL='false'
DSYMUTIL='dsymutil'
DUMPBIN=''
DYN_LIB_EXT='dylib'
ECHO_C='\c'
ECHO_N=''
ECHO_T=''
EGREP='/usr/bin/grep -E'
ETAGS='etags'
EXEEXT=''
FGREP='/usr/bin/grep -F'
FILECMD='file'
GREP='/usr/bin/grep'
INSTALL_DATA='${INSTALL} -m 644'
INSTALL_PROGRAM='${INSTALL}'
INSTALL_SCRIPT='${INSTALL}'
INSTALL_STRIP_PROGRAM='$(install_sh) -c -s'
LD='/Applications/Xcode.app/Contents/Developer/Toolchains/XcodeDefault.xctoolchain/usr/bin/ld'
LDFLAGS=''
LEX='flex'
LEXLIB=''
LEX_OUTPUT_ROOT='lex.yy'
LIBOBJS=''
LIBS=''
LIBTOOL='$(SHELL) $(top_builddir)/libtool'
LIBTOOL_DEPS='././/ltmain.sh'
LIBUSB_CFLAGS='-I/Users/mac/Documents/github/osx-ccid-installer-feitian/osx-ccid-installer-feitian/tmp/include/libusb-1.0'
LIBUSB_LIBS='-L/Users/mac/Documents/github/osx-ccid-installer-feitian/osx-ccid-installer-feitian/tmp/lib -lusb-1.0 -lobjc -Wl,-framework,IOKit -Wl,-framework,CoreFoundation'
LIPO='lipo'
LN_S='ln -s'
LTLIBOBJS=''
LT_SYS_LIBRARY_PATH=''
MAINT='#'
MAINTAINER_MODE_FALSE=''
MAINTAINER_MODE_TRUE='#'
MAKEINFO='${SHELL} '\''/Users/mac/Documents/github/osx-ccid-installer-feitian/osx-ccid-installer-feitian/CCID-1.5.5/missing'\'' makeinfo'
MANIFEST_TOOL=':'
MISSINGLEX=''
MKDIR_P='mkdir -p'
NM='/usr/bin/nm -B'
NMEDIT='nmedit'
NOCLASS=''
OBJDUMP='objdump'
OBJEXT='o'
OTOOL64=':'
OTOOL='otool'
PACKAGE='ccid'
PACKAGE_BUGREPORT=''
PACKAGE_NAME='ccid'
PACKAGE_STRING='ccid 1.5.5'
PACKAGE_TARNAME='ccid'
PACKAGE_URL=''
PACKAGE_VERSION='1.5.5'
PATH_SEPARATOR=':'
PCSC_CFLAGS='-I/Users/mac/Documents/github/osx-ccid-installer-feitian/osx-ccid-installer-feitian/CCID-1.5.5/MacOSX'
PCSC_LIBS='-framework PCSC'
PKG_CONFIG='/usr/local/bin/pkg-config'
PKG_CONFIG_LIBDIR=''
PKG_CONFIG_PATH='/Users/mac/Documents/github/osx-ccid-installer-feitian/osx-ccid-installer-feitian/tmp/lib/pkgconfig'
RANLIB='ranlib'
SED='/usr/bin/sed'
SET_MAKE=''
SHELL='/bin/sh'
STRIP='strip'
SYMBOL_VISIBILITY='-fvisibility=hidden'
VERSION='1.5.5'
WITHOUT_PCSC_FALSE='#'
WITHOUT_PCSC_TRUE=''
WITH_LIBUSB_FALSE='#'
WITH_LIBUSB_TRUE=''
WITH_TWIN_SERIAL_FALSE=''
WITH_TWIN_SERIAL_TRUE='#'
ZLIB_CFLAGS=''
ZLIB_LIBS='-lz'
ac_aux_dir='././'
ac_ct_AR='ar'
ac_ct_CC='gcc'
ac_ct_DUMPBIN=''
am__EXEEXT_FALSE=''
am__EXEEXT_TRUE='#'
am__fastdepCC_FALSE=''
am__fastdepCC_TRUE='#'
am__include='include'
am__isrc=''
am__leading_dot='.'
am__nodep=''
am__quote=''
am__tar='$${TAR-tar} chof - "$$tardir"'
am__untar='$${TAR-tar} xf -'
bindir='${exec_prefix}/bin'
build='x86_64-apple-darwin20.6.0'
build_alias=''
build_cpu='x86_64'
build_os='darwin20.6.0'
build_vendor='apple'
bundle='ifd-ccid.bundle'
ccidtwindir='/usr/local/libexec/SmartCardServices/drivers/serial'
datadir='${datarootdir}'
datarootdir='${prefix}/share'
docdir='${datarootdir}/doc/${PACKAGE_TARNAME}'
dvidir='${docdir}'
exec_prefix='${prefix}'
host='x86_64-apple-darwin20.6.0'
host_alias=''
host_cpu='x86_64'
host_os='darwin20.6.0'
host_vendor='apple'
htmldir='${docdir}'
includedir='${prefix}/include'
infodir='${datarootdir}/info'
install_sh='${SHELL} /Users/mac/Documents/github/osx-ccid-installer-feitian/osx-ccid-installer-feitian/CCID-1.5.5/install-sh'
libdir='${exec_prefix}/lib'
libexecdir='${exec_prefix}/libexec'
localedir='${datarootdir}/locale'
localstatedir='${prefix}/var'
mandir='${datarootdir}/man'
mkdir_p='$(MKDIR_P)'
oldincludedir='/usr/include'
pdfdir='${docdir}'
prefix='/usr/local'
program_transform_name='s,x,x,'
psdir='${docdir}'
runstatedir='${localstatedir}/run'
sbindir='${exec_prefix}/sbin'
serialconfdir=''
sharedstatedir='${prefix}/com'
sysconfdir='${prefix}/etc'
target_alias=''
usbdropdir='/usr/local/libexec/SmartCardServices/drivers'

## ----------- ##
## confdefs.h. ##
## ----------- ##

/* confdefs.h */
#define PACKAGE_NAME "ccid"
#define PACKAGE_TARNAME "ccid"
#define PACKAGE_VERSION "1.5.5"
#define PACKAGE_STRING "ccid 1.5.5"
#define PACKAGE_BUGREPORT ""
#define PACKAGE_URL ""
#define PACKAGE "ccid"
#define VERSION "1.5.5"
#define YYTEXT_POINTER 1
#define HAVE_STDIO_H 1
#define HAVE_STDLIB_H 1
#define HAVE_STRING_H 1
#define HAVE_INTTYPES_H 1
#define HAVE_STDINT_H 1
#define HAVE_STRINGS_H 1
#define HAVE_SYS_STAT_H 1
#define HAVE_SYS_TYPES_H 1
#define HAVE_UNISTD_H 1
#define STDC_HEADERS 1
#define HAVE_DLFCN_H 1
#define LT_OBJDIR ".libs/"
#define HAVE_ERRNO_H 1
#define HAVE_FCNTL_H 1
#define HAVE_STDLIB_H 1
#define HAVE_UNISTD_H 1
#define HAVE_TERMIOS_H 1
#define HAVE_STRING_H 1
#define HAVE_SYS_TIME_H 1
#define HAVE_SYS_TYPES_H 1
#define HAVE_STDARG_H 1
#define HAVE_ARPA_INET_H 1
#define HAVE_STDIO_H 1
#define HAVE_SELECT 1
#define HAVE_STRERROR 1
#define HAVE_STRNCPY 1
#define HAVE_MEMCPY 1
#define HAVE_STRLCPY 1
#define HAVE_STRLCAT 1
#define HAVE_LIBUSB_H 1
#define USE_COMPOSITE_AS_MULTISLOT 1
#define BUNDLE "ifd-ccid.bundle"
#define PCSCLITE_HP_DROPDIR "/usr/local/libexec/SmartCardServices/drivers"
#define USE_OS_LOG 1

configure: exit 0
